<?xml version="1.0" encoding="UTF-8"?>
<!-- Generated by org.testng.reporters.JUnitReportReporter -->
<testsuite skipped="0" hostname="Bharats-MacBook-Pro.local" name="test.NewCustomerComponentTest" tests="1" failures="0" timestamp="28 May 2020 06:09:12 GMT" time="5.617" errors="0">
  <testcase name="NewCustomer1" time="5.617" classname="test.NewCustomerComponentTest"/>
</testsuite> <!-- test.NewCustomerComponentTest -->
