<?xml version="1.0" encoding="UTF-8"?>
<!-- Generated by org.testng.reporters.JUnitReportReporter -->
<testsuite skipped="0" hostname="Bharats-MacBook-Pro.local" name="test.NewCustomerTest" tests="1" failures="0" timestamp="26 May 2020 15:11:40 GMT" time="3.604" errors="0">
  <testcase name="NewCustomer" time="3.604" classname="test.NewCustomerTest"/>
</testsuite> <!-- test.NewCustomerTest -->
