<?xml version="1.0" encoding="UTF-8"?>
<!-- Generated by org.testng.reporters.JUnitReportReporter -->
<testsuite skipped="0" hostname="Bharats-MacBook-Pro.local" name="test.NewCustomerTest" tests="1" failures="0" timestamp="14 May 2020 12:26:19 GMT" time="3.911" errors="0">
  <testcase name="NewCustomer" time="3.911" classname="test.NewCustomerTest"/>
</testsuite> <!-- test.NewCustomerTest -->
